{"/opt/moss/local_app/js/generate_metadata_sheet_fastq.js": {"path":"/opt/moss/local_app/js/generate_metadata_sheet_fastq.js","statementMap":{"0":{"start":{"line":1,"column":17},"end":{"line":1,"column":41}},"1":{"start":{"line":2,"column":11},"end":{"line":2,"column":24}},"2":{"start":{"line":3,"column":16},"end":{"line":3,"column":48}},"3":{"start":{"line":4,"column":13},"end":{"line":4,"column":30}},"4":{"start":{"line":5,"column":11},"end":{"line":5,"column":26}},"5":{"start":{"line":9,"column":4},"end":{"line":9,"column":21}},"6":{"start":{"line":11,"column":24},"end":{"line":11,"column":56}},"7":{"start":{"line":12,"column":4},"end":{"line":12,"column":44}},"8":{"start":{"line":13,"column":4},"end":{"line":13,"column":34}},"9":{"start":{"line":14,"column":4},"end":{"line":14,"column":47}},"10":{"start":{"line":15,"column":4},"end":{"line":15,"column":64}},"11":{"start":{"line":16,"column":4},"end":{"line":18,"column":5}},"12":{"start":{"line":17,"column":6},"end":{"line":17,"column":41}},"13":{"start":{"line":19,"column":4},"end":{"line":19,"column":40}},"14":{"start":{"line":20,"column":4},"end":{"line":20,"column":41}},"15":{"start":{"line":21,"column":4},"end":{"line":21,"column":42}},"16":{"start":{"line":23,"column":4},"end":{"line":23,"column":92}},"17":{"start":{"line":24,"column":4},"end":{"line":24,"column":92}},"18":{"start":{"line":26,"column":4},"end":{"line":26,"column":77}},"19":{"start":{"line":28,"column":4},"end":{"line":39,"column":9}},"20":{"start":{"line":30,"column":8},"end":{"line":37,"column":9}},"21":{"start":{"line":31,"column":12},"end":{"line":31,"column":30}},"22":{"start":{"line":32,"column":12},"end":{"line":32,"column":28}},"23":{"start":{"line":33,"column":10},"end":{"line":33,"column":48}},"24":{"start":{"line":34,"column":10},"end":{"line":34,"column":17}},"25":{"start":{"line":36,"column":12},"end":{"line":36,"column":27}},"26":{"start":{"line":44,"column":4},"end":{"line":44,"column":50}},"27":{"start":{"line":49,"column":4},"end":{"line":49,"column":65}},"28":{"start":{"line":50,"column":24},"end":{"line":50,"column":62}},"29":{"start":{"line":51,"column":22},"end":{"line":51,"column":55}},"30":{"start":{"line":53,"column":4},"end":{"line":53,"column":52}},"31":{"start":{"line":55,"column":4},"end":{"line":55,"column":76}},"32":{"start":{"line":57,"column":24},"end":{"line":57,"column":56}},"33":{"start":{"line":58,"column":4},"end":{"line":58,"column":44}},"34":{"start":{"line":60,"column":4},"end":{"line":60,"column":34}},"35":{"start":{"line":61,"column":4},"end":{"line":61,"column":49}},"36":{"start":{"line":62,"column":4},"end":{"line":128,"column":11}},"37":{"start":{"line":63,"column":28},"end":{"line":63,"column":76}},"38":{"start":{"line":64,"column":26},"end":{"line":64,"column":64}},"39":{"start":{"line":65,"column":24},"end":{"line":65,"column":57}},"40":{"start":{"line":67,"column":23},"end":{"line":67,"column":25}},"41":{"start":{"line":68,"column":17},"end":{"line":68,"column":67}},"42":{"start":{"line":69,"column":23},"end":{"line":69,"column":30}},"43":{"start":{"line":71,"column":6},"end":{"line":73,"column":9}},"44":{"start":{"line":71,"column":19},"end":{"line":71,"column":20}},"45":{"start":{"line":72,"column":10},"end":{"line":72,"column":78}},"46":{"start":{"line":74,"column":6},"end":{"line":74,"column":55}},"47":{"start":{"line":75,"column":6},"end":{"line":75,"column":51}},"48":{"start":{"line":76,"column":6},"end":{"line":88,"column":9}},"49":{"start":{"line":76,"column":19},"end":{"line":76,"column":20}},"50":{"start":{"line":77,"column":12},"end":{"line":85,"column":13}},"51":{"start":{"line":77,"column":25},"end":{"line":77,"column":26}},"52":{"start":{"line":78,"column":29},"end":{"line":78,"column":79}},"53":{"start":{"line":79,"column":14},"end":{"line":84,"column":15}},"54":{"start":{"line":80,"column":16},"end":{"line":80,"column":65}},"55":{"start":{"line":83,"column":16},"end":{"line":83,"column":65}},"56":{"start":{"line":86,"column":12},"end":{"line":86,"column":79}},"57":{"start":{"line":89,"column":32},"end":{"line":89,"column":89}},"58":{"start":{"line":90,"column":29},"end":{"line":90,"column":104}},"59":{"start":{"line":91,"column":20},"end":{"line":91,"column":52}},"60":{"start":{"line":92,"column":25},"end":{"line":92,"column":53}},"61":{"start":{"line":93,"column":6},"end":{"line":96,"column":7}},"62":{"start":{"line":94,"column":6},"end":{"line":94,"column":34}},"63":{"start":{"line":95,"column":6},"end":{"line":95,"column":13}},"64":{"start":{"line":98,"column":6},"end":{"line":127,"column":13}},"65":{"start":{"line":100,"column":10},"end":{"line":100,"column":108}},"66":{"start":{"line":102,"column":12},"end":{"line":125,"column":18}},"67":{"start":{"line":103,"column":18},"end":{"line":106,"column":19}},"68":{"start":{"line":104,"column":20},"end":{"line":104,"column":38}},"69":{"start":{"line":105,"column":20},"end":{"line":105,"column":26}},"70":{"start":{"line":107,"column":18},"end":{"line":107,"column":104}},"71":{"start":{"line":108,"column":38},"end":{"line":108,"column":70}},"72":{"start":{"line":109,"column":18},"end":{"line":109,"column":58}},"73":{"start":{"line":110,"column":18},"end":{"line":110,"column":48}},"74":{"start":{"line":111,"column":18},"end":{"line":111,"column":61}},"75":{"start":{"line":112,"column":18},"end":{"line":112,"column":66}},"76":{"start":{"line":113,"column":18},"end":{"line":115,"column":19}},"77":{"start":{"line":114,"column":20},"end":{"line":114,"column":51}},"78":{"start":{"line":116,"column":18},"end":{"line":116,"column":54}},"79":{"start":{"line":117,"column":18},"end":{"line":117,"column":55}},"80":{"start":{"line":118,"column":18},"end":{"line":118,"column":56}},"81":{"start":{"line":120,"column":18},"end":{"line":120,"column":106}},"82":{"start":{"line":121,"column":18},"end":{"line":121,"column":106}},"83":{"start":{"line":123,"column":18},"end":{"line":123,"column":91}},"84":{"start":{"line":129,"column":4},"end":{"line":129,"column":82}},"85":{"start":{"line":130,"column":15},"end":{"line":130,"column":43}},"86":{"start":{"line":131,"column":4},"end":{"line":131,"column":68}},"87":{"start":{"line":132,"column":4},"end":{"line":132,"column":77}},"88":{"start":{"line":144,"column":24},"end":{"line":144,"column":62}},"89":{"start":{"line":147,"column":16},"end":{"line":147,"column":47}},"90":{"start":{"line":148,"column":4},"end":{"line":148,"column":36}},"91":{"start":{"line":149,"column":4},"end":{"line":149,"column":33}},"92":{"start":{"line":151,"column":18},"end":{"line":151,"column":46}},"93":{"start":{"line":152,"column":4},"end":{"line":152,"column":28}},"94":{"start":{"line":153,"column":22},"end":{"line":153,"column":24}},"95":{"start":{"line":155,"column":20},"end":{"line":155,"column":64}},"96":{"start":{"line":156,"column":21},"end":{"line":156,"column":42}},"97":{"start":{"line":157,"column":4},"end":{"line":157,"column":49}},"98":{"start":{"line":159,"column":4},"end":{"line":163,"column":5}},"99":{"start":{"line":159,"column":17},"end":{"line":159,"column":18}},"100":{"start":{"line":160,"column":15},"end":{"line":160,"column":43}},"101":{"start":{"line":161,"column":6},"end":{"line":161,"column":62}},"102":{"start":{"line":162,"column":6},"end":{"line":162,"column":30}},"103":{"start":{"line":165,"column":4},"end":{"line":165,"column":31}},"104":{"start":{"line":167,"column":4},"end":{"line":219,"column":5}},"105":{"start":{"line":167,"column":17},"end":{"line":167,"column":18}},"106":{"start":{"line":168,"column":15},"end":{"line":168,"column":43}},"107":{"start":{"line":169,"column":6},"end":{"line":169,"column":43}},"108":{"start":{"line":170,"column":24},"end":{"line":170,"column":66}},"109":{"start":{"line":172,"column":6},"end":{"line":215,"column":7}},"110":{"start":{"line":172,"column":19},"end":{"line":172,"column":20}},"111":{"start":{"line":173,"column":25},"end":{"line":173,"column":49}},"112":{"start":{"line":174,"column":17},"end":{"line":174,"column":45}},"113":{"start":{"line":175,"column":8},"end":{"line":175,"column":38}},"114":{"start":{"line":176,"column":8},"end":{"line":176,"column":32}},"115":{"start":{"line":177,"column":8},"end":{"line":213,"column":9}},"116":{"start":{"line":178,"column":12},"end":{"line":202,"column":17}},"117":{"start":{"line":179,"column":16},"end":{"line":179,"column":37}},"118":{"start":{"line":180,"column":16},"end":{"line":180,"column":42}},"119":{"start":{"line":181,"column":28},"end":{"line":181,"column":59}},"120":{"start":{"line":182,"column":16},"end":{"line":182,"column":43}},"121":{"start":{"line":183,"column":16},"end":{"line":183,"column":38}},"122":{"start":{"line":184,"column":16},"end":{"line":184,"column":35}},"123":{"start":{"line":185,"column":16},"end":{"line":185,"column":25}},"124":{"start":{"line":186,"column":19},"end":{"line":202,"column":17}},"125":{"start":{"line":187,"column":16},"end":{"line":187,"column":37}},"126":{"start":{"line":188,"column":16},"end":{"line":188,"column":43}},"127":{"start":{"line":189,"column":28},"end":{"line":189,"column":60}},"128":{"start":{"line":190,"column":16},"end":{"line":190,"column":43}},"129":{"start":{"line":191,"column":37},"end":{"line":191,"column":62}},"130":{"start":{"line":192,"column":16},"end":{"line":197,"column":17}},"131":{"start":{"line":192,"column":29},"end":{"line":192,"column":30}},"132":{"start":{"line":193,"column":33},"end":{"line":193,"column":65}},"133":{"start":{"line":194,"column":20},"end":{"line":194,"column":53}},"134":{"start":{"line":195,"column":20},"end":{"line":195,"column":52}},"135":{"start":{"line":196,"column":20},"end":{"line":196,"column":38}},"136":{"start":{"line":198,"column":16},"end":{"line":198,"column":55}},"137":{"start":{"line":199,"column":16},"end":{"line":199,"column":38}},"138":{"start":{"line":200,"column":16},"end":{"line":200,"column":35}},"139":{"start":{"line":201,"column":16},"end":{"line":201,"column":25}},"140":{"start":{"line":204,"column":13},"end":{"line":213,"column":9}},"141":{"start":{"line":205,"column":12},"end":{"line":205,"column":33}},"142":{"start":{"line":206,"column":24},"end":{"line":206,"column":55}},"143":{"start":{"line":207,"column":12},"end":{"line":207,"column":39}},"144":{"start":{"line":208,"column":12},"end":{"line":208,"column":42}},"145":{"start":{"line":209,"column":12},"end":{"line":209,"column":38}},"146":{"start":{"line":210,"column":12},"end":{"line":210,"column":34}},"147":{"start":{"line":211,"column":12},"end":{"line":211,"column":31}},"148":{"start":{"line":212,"column":12},"end":{"line":212,"column":21}},"149":{"start":{"line":214,"column":8},"end":{"line":214,"column":27}},"150":{"start":{"line":218,"column":6},"end":{"line":218,"column":28}},"151":{"start":{"line":223,"column":4},"end":{"line":223,"column":16}},"152":{"start":{"line":228,"column":17},"end":{"line":228,"column":42}},"153":{"start":{"line":229,"column":3},"end":{"line":233,"column":4}},"154":{"start":{"line":230,"column":17},"end":{"line":230,"column":72}},"155":{"start":{"line":231,"column":5},"end":{"line":231,"column":27}},"156":{"start":{"line":232,"column":5},"end":{"line":232,"column":50}},"157":{"start":{"line":234,"column":3},"end":{"line":234,"column":17}},"158":{"start":{"line":236,"column":0},"end":{"line":236,"column":31}},"159":{"start":{"line":240,"column":18},"end":{"line":240,"column":40}},"160":{"start":{"line":241,"column":4},"end":{"line":245,"column":5}},"161":{"start":{"line":242,"column":18},"end":{"line":242,"column":73}},"162":{"start":{"line":243,"column":7},"end":{"line":243,"column":52}},"163":{"start":{"line":244,"column":7},"end":{"line":244,"column":29}},"164":{"start":{"line":246,"column":4},"end":{"line":246,"column":18}},"165":{"start":{"line":249,"column":0},"end":{"line":249,"column":31}},"166":{"start":{"line":253,"column":17},"end":{"line":253,"column":39}},"167":{"start":{"line":254,"column":17},"end":{"line":254,"column":54}},"168":{"start":{"line":255,"column":19},"end":{"line":255,"column":21}},"169":{"start":{"line":256,"column":3},"end":{"line":263,"column":4}},"170":{"start":{"line":256,"column":16},"end":{"line":256,"column":17}},"171":{"start":{"line":257,"column":21},"end":{"line":257,"column":23}},"172":{"start":{"line":258,"column":24},"end":{"line":258,"column":61}},"173":{"start":{"line":259,"column":7},"end":{"line":261,"column":8}},"174":{"start":{"line":259,"column":20},"end":{"line":259,"column":21}},"175":{"start":{"line":260,"column":10},"end":{"line":260,"column":47}},"176":{"start":{"line":262,"column":7},"end":{"line":262,"column":31}},"177":{"start":{"line":264,"column":19},"end":{"line":264,"column":59}},"178":{"start":{"line":265,"column":3},"end":{"line":265,"column":20}},"179":{"start":{"line":268,"column":0},"end":{"line":268,"column":37}},"180":{"start":{"line":272,"column":16},"end":{"line":272,"column":18}},"181":{"start":{"line":273,"column":3},"end":{"line":273,"column":62}},"182":{"start":{"line":274,"column":3},"end":{"line":274,"column":68}},"183":{"start":{"line":275,"column":3},"end":{"line":275,"column":76}},"184":{"start":{"line":276,"column":17},"end":{"line":276,"column":38}},"185":{"start":{"line":277,"column":19},"end":{"line":277,"column":67}},"186":{"start":{"line":278,"column":3},"end":{"line":282,"column":4}},"187":{"start":{"line":279,"column":6},"end":{"line":279,"column":30}},"188":{"start":{"line":280,"column":6},"end":{"line":280,"column":53}},"189":{"start":{"line":281,"column":6},"end":{"line":281,"column":20}},"190":{"start":{"line":283,"column":18},"end":{"line":283,"column":53}},"191":{"start":{"line":284,"column":15},"end":{"line":284,"column":33}},"192":{"start":{"line":286,"column":3},"end":{"line":289,"column":4}},"193":{"start":{"line":287,"column":6},"end":{"line":287,"column":30}},"194":{"start":{"line":288,"column":6},"end":{"line":288,"column":53}},"195":{"start":{"line":290,"column":3},"end":{"line":290,"column":17}},"196":{"start":{"line":293,"column":0},"end":{"line":293,"column":35}},"197":{"start":{"line":296,"column":18},"end":{"line":296,"column":38}},"198":{"start":{"line":297,"column":4},"end":{"line":297,"column":49}},"199":{"start":{"line":298,"column":4},"end":{"line":298,"column":36}},"200":{"start":{"line":299,"column":4},"end":{"line":303,"column":5}},"201":{"start":{"line":300,"column":8},"end":{"line":302,"column":9}},"202":{"start":{"line":301,"column":12},"end":{"line":301,"column":43}},"203":{"start":{"line":304,"column":4},"end":{"line":304,"column":23}}},"fnMap":{"0":{"name":"execute_command_as_subprocess","decl":{"start":{"line":7,"column":9},"end":{"line":7,"column":38}},"loc":{"start":{"line":7,"column":74},"end":{"line":41,"column":1}},"line":7},"1":{"name":"(anonymous_1)","decl":{"start":{"line":16,"column":28},"end":{"line":16,"column":29}},"loc":{"start":{"line":16,"column":39},"end":{"line":18,"column":5}},"line":16},"2":{"name":"(anonymous_2)","decl":{"start":{"line":28,"column":14},"end":{"line":28,"column":15}},"loc":{"start":{"line":28,"column":41},"end":{"line":39,"column":7}},"line":28},"3":{"name":"hasDuplicates","decl":{"start":{"line":43,"column":9},"end":{"line":43,"column":22}},"loc":{"start":{"line":43,"column":30},"end":{"line":45,"column":1}},"line":43},"4":{"name":"create_metadata_table_fastq","decl":{"start":{"line":47,"column":9},"end":{"line":47,"column":36}},"loc":{"start":{"line":47,"column":38},"end":{"line":134,"column":1}},"line":47},"5":{"name":"(anonymous_5)","decl":{"start":{"line":62,"column":28},"end":{"line":62,"column":29}},"loc":{"start":{"line":62,"column":39},"end":{"line":128,"column":11}},"line":62},"6":{"name":"(anonymous_6)","decl":{"start":{"line":102,"column":68},"end":{"line":102,"column":69}},"loc":{"start":{"line":102,"column":75},"end":{"line":125,"column":17}},"line":102},"7":{"name":"(anonymous_7)","decl":{"start":{"line":113,"column":42},"end":{"line":113,"column":43}},"loc":{"start":{"line":113,"column":53},"end":{"line":115,"column":19}},"line":113},"8":{"name":"create_csv_from_obj","decl":{"start":{"line":136,"column":9},"end":{"line":136,"column":28}},"loc":{"start":{"line":136,"column":51},"end":{"line":140,"column":1}},"line":136},"9":{"name":"generate_table_fastq","decl":{"start":{"line":142,"column":9},"end":{"line":142,"column":29}},"loc":{"start":{"line":142,"column":43},"end":{"line":224,"column":1}},"line":142},"10":{"name":"allLetters","decl":{"start":{"line":227,"column":9},"end":{"line":227,"column":19}},"loc":{"start":{"line":227,"column":53},"end":{"line":235,"column":1}},"line":227},"11":{"name":"allNumeric","decl":{"start":{"line":239,"column":9},"end":{"line":239,"column":19}},"loc":{"start":{"line":239,"column":53},"end":{"line":247,"column":1}},"line":239},"12":{"name":"convertToJson","decl":{"start":{"line":252,"column":9},"end":{"line":252,"column":22}},"loc":{"start":{"line":252,"column":35},"end":{"line":266,"column":1}},"line":252},"13":{"name":"validateData","decl":{"start":{"line":271,"column":9},"end":{"line":271,"column":21}},"loc":{"start":{"line":271,"column":33},"end":{"line":291,"column":1}},"line":271},"14":{"name":"readTextFile","decl":{"start":{"line":295,"column":9},"end":{"line":295,"column":21}},"loc":{"start":{"line":295,"column":38},"end":{"line":305,"column":1}},"line":295},"15":{"name":"(anonymous_15)","decl":{"start":{"line":299,"column":33},"end":{"line":299,"column":34}},"loc":{"start":{"line":299,"column":44},"end":{"line":303,"column":5}},"line":299}},"branchMap":{"0":{"loc":{"start":{"line":30,"column":8},"end":{"line":37,"column":9}},"type":"if","locations":[{"start":{"line":30,"column":8},"end":{"line":37,"column":9}},{"start":{"line":35,"column":15},"end":{"line":37,"column":9}}],"line":30},"1":{"loc":{"start":{"line":79,"column":14},"end":{"line":84,"column":15}},"type":"if","locations":[{"start":{"line":79,"column":14},"end":{"line":84,"column":15}},{"start":{"line":82,"column":19},"end":{"line":84,"column":15}}],"line":79},"2":{"loc":{"start":{"line":93,"column":6},"end":{"line":96,"column":7}},"type":"if","locations":[{"start":{"line":93,"column":6},"end":{"line":96,"column":7}},{"start":{},"end":{}}],"line":93},"3":{"loc":{"start":{"line":98,"column":6},"end":{"line":127,"column":13}},"type":"if","locations":[{"start":{"line":98,"column":6},"end":{"line":127,"column":13}},{"start":{"line":101,"column":15},"end":{"line":127,"column":13}}],"line":98},"4":{"loc":{"start":{"line":103,"column":18},"end":{"line":106,"column":19}},"type":"if","locations":[{"start":{"line":103,"column":18},"end":{"line":106,"column":19}},{"start":{},"end":{}}],"line":103},"5":{"loc":{"start":{"line":177,"column":8},"end":{"line":213,"column":9}},"type":"if","locations":[{"start":{"line":177,"column":8},"end":{"line":213,"column":9}},{"start":{"line":204,"column":13},"end":{"line":213,"column":9}}],"line":177},"6":{"loc":{"start":{"line":178,"column":12},"end":{"line":202,"column":17}},"type":"if","locations":[{"start":{"line":178,"column":12},"end":{"line":202,"column":17}},{"start":{"line":186,"column":19},"end":{"line":202,"column":17}}],"line":178},"7":{"loc":{"start":{"line":186,"column":19},"end":{"line":202,"column":17}},"type":"if","locations":[{"start":{"line":186,"column":19},"end":{"line":202,"column":17}},{"start":{},"end":{}}],"line":186},"8":{"loc":{"start":{"line":204,"column":13},"end":{"line":213,"column":9}},"type":"if","locations":[{"start":{"line":204,"column":13},"end":{"line":213,"column":9}},{"start":{},"end":{}}],"line":204},"9":{"loc":{"start":{"line":229,"column":3},"end":{"line":233,"column":4}},"type":"if","locations":[{"start":{"line":229,"column":3},"end":{"line":233,"column":4}},{"start":{},"end":{}}],"line":229},"10":{"loc":{"start":{"line":241,"column":4},"end":{"line":245,"column":5}},"type":"if","locations":[{"start":{"line":241,"column":4},"end":{"line":245,"column":5}},{"start":{},"end":{}}],"line":241},"11":{"loc":{"start":{"line":278,"column":3},"end":{"line":282,"column":4}},"type":"if","locations":[{"start":{"line":278,"column":3},"end":{"line":282,"column":4}},{"start":{},"end":{}}],"line":278},"12":{"loc":{"start":{"line":286,"column":3},"end":{"line":289,"column":4}},"type":"if","locations":[{"start":{"line":286,"column":3},"end":{"line":289,"column":4}},{"start":{},"end":{}}],"line":286},"13":{"loc":{"start":{"line":286,"column":7},"end":{"line":286,"column":55}},"type":"binary-expr","locations":[{"start":{"line":286,"column":7},"end":{"line":286,"column":32}},{"start":{"line":286,"column":36},"end":{"line":286,"column":55}}],"line":286},"14":{"loc":{"start":{"line":300,"column":8},"end":{"line":302,"column":9}},"type":"if","locations":[{"start":{"line":300,"column":8},"end":{"line":302,"column":9}},{"start":{},"end":{}}],"line":300},"15":{"loc":{"start":{"line":300,"column":12},"end":{"line":300,"column":63}},"type":"binary-expr","locations":[{"start":{"line":300,"column":12},"end":{"line":300,"column":36}},{"start":{"line":300,"column":40},"end":{"line":300,"column":63}}],"line":300}},"s":{"0":1,"1":1,"2":1,"3":1,"4":1,"5":0,"6":0,"7":0,"8":0,"9":0,"10":0,"11":0,"12":0,"13":0,"14":0,"15":0,"16":0,"17":0,"18":0,"19":0,"20":0,"21":0,"22":0,"23":0,"24":0,"25":0,"26":0,"27":0,"28":0,"29":0,"30":0,"31":0,"32":0,"33":0,"34":0,"35":0,"36":0,"37":0,"38":0,"39":0,"40":0,"41":0,"42":0,"43":0,"44":0,"45":0,"46":0,"47":0,"48":0,"49":0,"50":0,"51":0,"52":0,"53":0,"54":0,"55":0,"56":0,"57":0,"58":0,"59":0,"60":0,"61":0,"62":0,"63":0,"64":0,"65":0,"66":0,"67":0,"68":0,"69":0,"70":0,"71":0,"72":0,"73":0,"74":0,"75":0,"76":0,"77":0,"78":0,"79":0,"80":0,"81":0,"82":0,"83":0,"84":0,"85":0,"86":0,"87":0,"88":0,"89":0,"90":0,"91":0,"92":0,"93":0,"94":0,"95":0,"96":0,"97":0,"98":0,"99":0,"100":0,"101":0,"102":0,"103":0,"104":0,"105":0,"106":0,"107":0,"108":0,"109":0,"110":0,"111":0,"112":0,"113":0,"114":0,"115":0,"116":0,"117":0,"118":0,"119":0,"120":0,"121":0,"122":0,"123":0,"124":0,"125":0,"126":0,"127":0,"128":0,"129":0,"130":0,"131":0,"132":0,"133":0,"134":0,"135":0,"136":0,"137":0,"138":0,"139":0,"140":0,"141":0,"142":0,"143":0,"144":0,"145":0,"146":0,"147":0,"148":0,"149":0,"150":0,"151":0,"152":9,"153":9,"154":1,"155":1,"156":1,"157":9,"158":1,"159":5,"160":5,"161":1,"162":1,"163":1,"164":5,"165":1,"166":1,"167":1,"168":1,"169":1,"170":1,"171":1,"172":1,"173":1,"174":1,"175":2,"176":1,"177":1,"178":1,"179":1,"180":3,"181":3,"182":3,"183":3,"184":3,"185":3,"186":3,"187":1,"188":1,"189":1,"190":2,"191":2,"192":2,"193":1,"194":1,"195":2,"196":1,"197":0,"198":0,"199":0,"200":0,"201":0,"202":0,"203":0},"f":{"0":0,"1":0,"2":0,"3":0,"4":0,"5":0,"6":0,"7":0,"8":0,"9":0,"10":9,"11":5,"12":1,"13":3,"14":0,"15":0},"b":{"0":[0,0],"1":[0,0],"2":[0,0],"3":[0,0],"4":[0,0],"5":[0,0],"6":[0,0],"7":[0,0],"8":[0,0],"9":[1,8],"10":[1,4],"11":[1,2],"12":[1,1],"13":[2,2],"14":[0,0],"15":[0,0]},"_coverageSchema":"1a1c01bbd47fc00a2c39e90264f33305004495a9","hash":"7e1bc24dfc0ff24822c71f9635f1243959a79394"}
}
