{"/opt/moss/local_app/js/generate_metadata_sheet_fastq.js": {"path":"/opt/moss/local_app/js/generate_metadata_sheet_fastq.js","statementMap":{"0":{"start":{"line":1,"column":17},"end":{"line":1,"column":41}},"1":{"start":{"line":2,"column":11},"end":{"line":2,"column":24}},"2":{"start":{"line":3,"column":16},"end":{"line":3,"column":48}},"3":{"start":{"line":4,"column":13},"end":{"line":4,"column":30}},"4":{"start":{"line":5,"column":11},"end":{"line":5,"column":26}},"5":{"start":{"line":9,"column":4},"end":{"line":9,"column":21}},"6":{"start":{"line":11,"column":24},"end":{"line":11,"column":56}},"7":{"start":{"line":12,"column":4},"end":{"line":12,"column":44}},"8":{"start":{"line":13,"column":4},"end":{"line":13,"column":34}},"9":{"start":{"line":14,"column":4},"end":{"line":14,"column":47}},"10":{"start":{"line":15,"column":4},"end":{"line":15,"column":64}},"11":{"start":{"line":16,"column":4},"end":{"line":18,"column":5}},"12":{"start":{"line":17,"column":6},"end":{"line":17,"column":41}},"13":{"start":{"line":19,"column":4},"end":{"line":19,"column":40}},"14":{"start":{"line":20,"column":4},"end":{"line":20,"column":41}},"15":{"start":{"line":21,"column":4},"end":{"line":21,"column":42}},"16":{"start":{"line":23,"column":4},"end":{"line":23,"column":92}},"17":{"start":{"line":24,"column":4},"end":{"line":24,"column":92}},"18":{"start":{"line":26,"column":4},"end":{"line":26,"column":77}},"19":{"start":{"line":28,"column":4},"end":{"line":39,"column":9}},"20":{"start":{"line":30,"column":8},"end":{"line":37,"column":9}},"21":{"start":{"line":31,"column":12},"end":{"line":31,"column":30}},"22":{"start":{"line":32,"column":12},"end":{"line":32,"column":28}},"23":{"start":{"line":33,"column":10},"end":{"line":33,"column":48}},"24":{"start":{"line":34,"column":10},"end":{"line":34,"column":17}},"25":{"start":{"line":36,"column":12},"end":{"line":36,"column":27}},"26":{"start":{"line":44,"column":4},"end":{"line":44,"column":50}},"27":{"start":{"line":48,"column":4},"end":{"line":48,"column":65}},"28":{"start":{"line":49,"column":24},"end":{"line":49,"column":62}},"29":{"start":{"line":50,"column":22},"end":{"line":50,"column":55}},"30":{"start":{"line":52,"column":4},"end":{"line":52,"column":52}},"31":{"start":{"line":54,"column":4},"end":{"line":54,"column":76}},"32":{"start":{"line":55,"column":24},"end":{"line":55,"column":56}},"33":{"start":{"line":56,"column":4},"end":{"line":56,"column":44}},"34":{"start":{"line":57,"column":4},"end":{"line":57,"column":34}},"35":{"start":{"line":58,"column":4},"end":{"line":58,"column":36}},"36":{"start":{"line":59,"column":4},"end":{"line":59,"column":52}},"37":{"start":{"line":60,"column":4},"end":{"line":62,"column":5}},"38":{"start":{"line":61,"column":7},"end":{"line":61,"column":26}},"39":{"start":{"line":63,"column":4},"end":{"line":63,"column":77}},"40":{"start":{"line":65,"column":24},"end":{"line":65,"column":56}},"41":{"start":{"line":66,"column":4},"end":{"line":66,"column":44}},"42":{"start":{"line":68,"column":4},"end":{"line":68,"column":34}},"43":{"start":{"line":69,"column":4},"end":{"line":69,"column":49}},"44":{"start":{"line":70,"column":4},"end":{"line":134,"column":11}},"45":{"start":{"line":71,"column":28},"end":{"line":71,"column":76}},"46":{"start":{"line":72,"column":26},"end":{"line":72,"column":64}},"47":{"start":{"line":73,"column":24},"end":{"line":73,"column":57}},"48":{"start":{"line":75,"column":21},"end":{"line":75,"column":23}},"49":{"start":{"line":76,"column":17},"end":{"line":76,"column":67}},"50":{"start":{"line":77,"column":23},"end":{"line":77,"column":30}},"51":{"start":{"line":79,"column":6},"end":{"line":93,"column":9}},"52":{"start":{"line":79,"column":19},"end":{"line":79,"column":20}},"53":{"start":{"line":80,"column":26},"end":{"line":80,"column":28}},"54":{"start":{"line":81,"column":12},"end":{"line":87,"column":13}},"55":{"start":{"line":81,"column":25},"end":{"line":81,"column":26}},"56":{"start":{"line":82,"column":16},"end":{"line":86,"column":17}},"57":{"start":{"line":83,"column":20},"end":{"line":83,"column":115}},"58":{"start":{"line":85,"column":20},"end":{"line":85,"column":112}},"59":{"start":{"line":88,"column":12},"end":{"line":88,"column":58}},"60":{"start":{"line":89,"column":12},"end":{"line":89,"column":113}},"61":{"start":{"line":90,"column":31},"end":{"line":90,"column":59}},"62":{"start":{"line":91,"column":12},"end":{"line":91,"column":35}},"63":{"start":{"line":95,"column":22},"end":{"line":95,"column":43}},"64":{"start":{"line":96,"column":32},"end":{"line":96,"column":89}},"65":{"start":{"line":97,"column":29},"end":{"line":97,"column":104}},"66":{"start":{"line":99,"column":6},"end":{"line":102,"column":7}},"67":{"start":{"line":100,"column":8},"end":{"line":100,"column":36}},"68":{"start":{"line":101,"column":8},"end":{"line":101,"column":15}},"69":{"start":{"line":104,"column":6},"end":{"line":133,"column":13}},"70":{"start":{"line":106,"column":10},"end":{"line":106,"column":108}},"71":{"start":{"line":108,"column":12},"end":{"line":131,"column":18}},"72":{"start":{"line":109,"column":18},"end":{"line":112,"column":19}},"73":{"start":{"line":110,"column":20},"end":{"line":110,"column":38}},"74":{"start":{"line":111,"column":20},"end":{"line":111,"column":26}},"75":{"start":{"line":113,"column":18},"end":{"line":113,"column":104}},"76":{"start":{"line":114,"column":38},"end":{"line":114,"column":70}},"77":{"start":{"line":115,"column":18},"end":{"line":115,"column":58}},"78":{"start":{"line":116,"column":18},"end":{"line":116,"column":48}},"79":{"start":{"line":117,"column":18},"end":{"line":117,"column":61}},"80":{"start":{"line":118,"column":18},"end":{"line":118,"column":66}},"81":{"start":{"line":119,"column":18},"end":{"line":121,"column":19}},"82":{"start":{"line":120,"column":20},"end":{"line":120,"column":51}},"83":{"start":{"line":122,"column":18},"end":{"line":122,"column":54}},"84":{"start":{"line":123,"column":18},"end":{"line":123,"column":55}},"85":{"start":{"line":124,"column":18},"end":{"line":124,"column":56}},"86":{"start":{"line":126,"column":18},"end":{"line":126,"column":106}},"87":{"start":{"line":127,"column":18},"end":{"line":127,"column":106}},"88":{"start":{"line":129,"column":18},"end":{"line":129,"column":91}},"89":{"start":{"line":135,"column":4},"end":{"line":135,"column":82}},"90":{"start":{"line":136,"column":15},"end":{"line":136,"column":43}},"91":{"start":{"line":137,"column":4},"end":{"line":137,"column":68}},"92":{"start":{"line":138,"column":4},"end":{"line":138,"column":77}},"93":{"start":{"line":143,"column":14},"end":{"line":143,"column":64}},"94":{"start":{"line":144,"column":20},"end":{"line":144,"column":27}},"95":{"start":{"line":146,"column":6},"end":{"line":168,"column":9}},"96":{"start":{"line":146,"column":19},"end":{"line":146,"column":20}},"97":{"start":{"line":147,"column":12},"end":{"line":167,"column":13}},"98":{"start":{"line":147,"column":25},"end":{"line":147,"column":26}},"99":{"start":{"line":148,"column":16},"end":{"line":166,"column":17}},"100":{"start":{"line":149,"column":41},"end":{"line":149,"column":91}},"101":{"start":{"line":150,"column":39},"end":{"line":150,"column":95}},"102":{"start":{"line":151,"column":20},"end":{"line":153,"column":21}},"103":{"start":{"line":152,"column":24},"end":{"line":152,"column":142}},"104":{"start":{"line":154,"column":24},"end":{"line":154,"column":56}},"105":{"start":{"line":155,"column":20},"end":{"line":155,"column":54}},"106":{"start":{"line":156,"column":20},"end":{"line":156,"column":53}},"107":{"start":{"line":157,"column":20},"end":{"line":157,"column":84}},"108":{"start":{"line":158,"column":6},"end":{"line":164,"column":21}},"109":{"start":{"line":159,"column":38},"end":{"line":159,"column":69}},"110":{"start":{"line":160,"column":36},"end":{"line":160,"column":68}},"111":{"start":{"line":161,"column":23},"end":{"line":161,"column":47}},"112":{"start":{"line":162,"column":23},"end":{"line":162,"column":46}},"113":{"start":{"line":163,"column":23},"end":{"line":163,"column":82}},"114":{"start":{"line":165,"column":20},"end":{"line":165,"column":96}},"115":{"start":{"line":262,"column":24},"end":{"line":262,"column":62}},"116":{"start":{"line":265,"column":16},"end":{"line":265,"column":47}},"117":{"start":{"line":266,"column":4},"end":{"line":266,"column":36}},"118":{"start":{"line":267,"column":4},"end":{"line":267,"column":33}},"119":{"start":{"line":269,"column":18},"end":{"line":269,"column":46}},"120":{"start":{"line":270,"column":4},"end":{"line":270,"column":28}},"121":{"start":{"line":271,"column":22},"end":{"line":271,"column":24}},"122":{"start":{"line":273,"column":20},"end":{"line":273,"column":64}},"123":{"start":{"line":274,"column":21},"end":{"line":274,"column":42}},"124":{"start":{"line":275,"column":4},"end":{"line":275,"column":49}},"125":{"start":{"line":277,"column":4},"end":{"line":281,"column":5}},"126":{"start":{"line":277,"column":17},"end":{"line":277,"column":18}},"127":{"start":{"line":278,"column":15},"end":{"line":278,"column":43}},"128":{"start":{"line":279,"column":6},"end":{"line":279,"column":62}},"129":{"start":{"line":280,"column":6},"end":{"line":280,"column":30}},"130":{"start":{"line":283,"column":4},"end":{"line":283,"column":31}},"131":{"start":{"line":285,"column":4},"end":{"line":345,"column":5}},"132":{"start":{"line":285,"column":17},"end":{"line":285,"column":18}},"133":{"start":{"line":286,"column":15},"end":{"line":286,"column":43}},"134":{"start":{"line":287,"column":6},"end":{"line":287,"column":43}},"135":{"start":{"line":288,"column":24},"end":{"line":288,"column":66}},"136":{"start":{"line":290,"column":6},"end":{"line":342,"column":7}},"137":{"start":{"line":290,"column":19},"end":{"line":290,"column":20}},"138":{"start":{"line":291,"column":25},"end":{"line":291,"column":49}},"139":{"start":{"line":292,"column":17},"end":{"line":292,"column":45}},"140":{"start":{"line":293,"column":8},"end":{"line":293,"column":38}},"141":{"start":{"line":294,"column":8},"end":{"line":294,"column":32}},"142":{"start":{"line":295,"column":8},"end":{"line":340,"column":9}},"143":{"start":{"line":296,"column":12},"end":{"line":329,"column":17}},"144":{"start":{"line":297,"column":16},"end":{"line":297,"column":37}},"145":{"start":{"line":298,"column":16},"end":{"line":298,"column":42}},"146":{"start":{"line":299,"column":28},"end":{"line":299,"column":59}},"147":{"start":{"line":300,"column":16},"end":{"line":300,"column":43}},"148":{"start":{"line":301,"column":16},"end":{"line":301,"column":38}},"149":{"start":{"line":302,"column":16},"end":{"line":302,"column":35}},"150":{"start":{"line":303,"column":16},"end":{"line":303,"column":25}},"151":{"start":{"line":304,"column":19},"end":{"line":329,"column":17}},"152":{"start":{"line":305,"column":16},"end":{"line":305,"column":37}},"153":{"start":{"line":306,"column":16},"end":{"line":306,"column":43}},"154":{"start":{"line":307,"column":28},"end":{"line":307,"column":60}},"155":{"start":{"line":308,"column":16},"end":{"line":308,"column":43}},"156":{"start":{"line":309,"column":37},"end":{"line":309,"column":39}},"157":{"start":{"line":310,"column":16},"end":{"line":318,"column":3}},"158":{"start":{"line":311,"column":32},"end":{"line":311,"column":88}},"159":{"start":{"line":312,"column":31},"end":{"line":312,"column":55}},"160":{"start":{"line":313,"column":41},"end":{"line":313,"column":43}},"161":{"start":{"line":314,"column":20},"end":{"line":314,"column":69}},"162":{"start":{"line":315,"column":6},"end":{"line":315,"column":36}},"163":{"start":{"line":317,"column":20},"end":{"line":317,"column":63}},"164":{"start":{"line":319,"column":16},"end":{"line":324,"column":17}},"165":{"start":{"line":319,"column":29},"end":{"line":319,"column":30}},"166":{"start":{"line":320,"column":33},"end":{"line":320,"column":65}},"167":{"start":{"line":321,"column":20},"end":{"line":321,"column":53}},"168":{"start":{"line":322,"column":20},"end":{"line":322,"column":52}},"169":{"start":{"line":323,"column":20},"end":{"line":323,"column":38}},"170":{"start":{"line":325,"column":16},"end":{"line":325,"column":55}},"171":{"start":{"line":326,"column":16},"end":{"line":326,"column":38}},"172":{"start":{"line":327,"column":16},"end":{"line":327,"column":35}},"173":{"start":{"line":328,"column":16},"end":{"line":328,"column":25}},"174":{"start":{"line":331,"column":13},"end":{"line":340,"column":9}},"175":{"start":{"line":332,"column":12},"end":{"line":332,"column":33}},"176":{"start":{"line":333,"column":24},"end":{"line":333,"column":55}},"177":{"start":{"line":334,"column":12},"end":{"line":334,"column":39}},"178":{"start":{"line":335,"column":12},"end":{"line":335,"column":42}},"179":{"start":{"line":336,"column":12},"end":{"line":336,"column":38}},"180":{"start":{"line":337,"column":12},"end":{"line":337,"column":34}},"181":{"start":{"line":338,"column":12},"end":{"line":338,"column":31}},"182":{"start":{"line":339,"column":12},"end":{"line":339,"column":21}},"183":{"start":{"line":341,"column":8},"end":{"line":341,"column":27}},"184":{"start":{"line":344,"column":6},"end":{"line":344,"column":28}},"185":{"start":{"line":346,"column":4},"end":{"line":346,"column":16}},"186":{"start":{"line":363,"column":18},"end":{"line":363,"column":40}},"187":{"start":{"line":364,"column":4},"end":{"line":368,"column":5}},"188":{"start":{"line":365,"column":18},"end":{"line":365,"column":73}},"189":{"start":{"line":366,"column":7},"end":{"line":366,"column":52}},"190":{"start":{"line":367,"column":7},"end":{"line":367,"column":29}},"191":{"start":{"line":369,"column":4},"end":{"line":369,"column":18}},"192":{"start":{"line":372,"column":0},"end":{"line":372,"column":31}},"193":{"start":{"line":395,"column":16},"end":{"line":395,"column":18}},"194":{"start":{"line":398,"column":3},"end":{"line":398,"column":76}},"195":{"start":{"line":399,"column":17},"end":{"line":399,"column":38}},"196":{"start":{"line":400,"column":19},"end":{"line":400,"column":67}},"197":{"start":{"line":401,"column":3},"end":{"line":405,"column":4}},"198":{"start":{"line":402,"column":6},"end":{"line":402,"column":30}},"199":{"start":{"line":403,"column":6},"end":{"line":403,"column":53}},"200":{"start":{"line":404,"column":6},"end":{"line":404,"column":20}},"201":{"start":{"line":406,"column":18},"end":{"line":406,"column":53}},"202":{"start":{"line":407,"column":15},"end":{"line":407,"column":33}},"203":{"start":{"line":409,"column":3},"end":{"line":412,"column":4}},"204":{"start":{"line":410,"column":6},"end":{"line":410,"column":30}},"205":{"start":{"line":411,"column":6},"end":{"line":411,"column":53}},"206":{"start":{"line":413,"column":3},"end":{"line":413,"column":17}},"207":{"start":{"line":416,"column":0},"end":{"line":416,"column":35}}},"fnMap":{"0":{"name":"execute_command_as_subprocess","decl":{"start":{"line":7,"column":9},"end":{"line":7,"column":38}},"loc":{"start":{"line":7,"column":74},"end":{"line":41,"column":1}},"line":7},"1":{"name":"(anonymous_1)","decl":{"start":{"line":16,"column":28},"end":{"line":16,"column":29}},"loc":{"start":{"line":16,"column":39},"end":{"line":18,"column":5}},"line":16},"2":{"name":"(anonymous_2)","decl":{"start":{"line":28,"column":14},"end":{"line":28,"column":15}},"loc":{"start":{"line":28,"column":41},"end":{"line":39,"column":7}},"line":28},"3":{"name":"hasDuplicates","decl":{"start":{"line":43,"column":9},"end":{"line":43,"column":22}},"loc":{"start":{"line":43,"column":30},"end":{"line":45,"column":1}},"line":43},"4":{"name":"create_metadata_table_fastq","decl":{"start":{"line":47,"column":9},"end":{"line":47,"column":36}},"loc":{"start":{"line":47,"column":38},"end":{"line":140,"column":1}},"line":47},"5":{"name":"(anonymous_5)","decl":{"start":{"line":60,"column":28},"end":{"line":60,"column":29}},"loc":{"start":{"line":60,"column":39},"end":{"line":62,"column":5}},"line":60},"6":{"name":"(anonymous_6)","decl":{"start":{"line":70,"column":28},"end":{"line":70,"column":29}},"loc":{"start":{"line":70,"column":39},"end":{"line":134,"column":11}},"line":70},"7":{"name":"(anonymous_7)","decl":{"start":{"line":108,"column":70},"end":{"line":108,"column":71}},"loc":{"start":{"line":108,"column":77},"end":{"line":131,"column":17}},"line":108},"8":{"name":"(anonymous_8)","decl":{"start":{"line":119,"column":42},"end":{"line":119,"column":43}},"loc":{"start":{"line":119,"column":53},"end":{"line":121,"column":19}},"line":119},"9":{"name":"getCities","decl":{"start":{"line":142,"column":9},"end":{"line":142,"column":18}},"loc":{"start":{"line":142,"column":21},"end":{"line":169,"column":1}},"line":142},"10":{"name":"generate_table_fastq","decl":{"start":{"line":260,"column":9},"end":{"line":260,"column":29}},"loc":{"start":{"line":260,"column":43},"end":{"line":347,"column":1}},"line":260},"11":{"name":"allNumeric","decl":{"start":{"line":362,"column":9},"end":{"line":362,"column":19}},"loc":{"start":{"line":362,"column":53},"end":{"line":370,"column":1}},"line":362},"12":{"name":"validateData","decl":{"start":{"line":394,"column":9},"end":{"line":394,"column":21}},"loc":{"start":{"line":394,"column":33},"end":{"line":414,"column":1}},"line":394}},"branchMap":{"0":{"loc":{"start":{"line":30,"column":8},"end":{"line":37,"column":9}},"type":"if","locations":[{"start":{"line":30,"column":8},"end":{"line":37,"column":9}},{"start":{"line":35,"column":15},"end":{"line":37,"column":9}}],"line":30},"1":{"loc":{"start":{"line":82,"column":16},"end":{"line":86,"column":17}},"type":"if","locations":[{"start":{"line":82,"column":16},"end":{"line":86,"column":17}},{"start":{"line":84,"column":23},"end":{"line":86,"column":17}}],"line":82},"2":{"loc":{"start":{"line":99,"column":6},"end":{"line":102,"column":7}},"type":"if","locations":[{"start":{"line":99,"column":6},"end":{"line":102,"column":7}},{"start":{},"end":{}}],"line":99},"3":{"loc":{"start":{"line":104,"column":6},"end":{"line":133,"column":13}},"type":"if","locations":[{"start":{"line":104,"column":6},"end":{"line":133,"column":13}},{"start":{"line":107,"column":15},"end":{"line":133,"column":13}}],"line":104},"4":{"loc":{"start":{"line":109,"column":18},"end":{"line":112,"column":19}},"type":"if","locations":[{"start":{"line":109,"column":18},"end":{"line":112,"column":19}},{"start":{},"end":{}}],"line":109},"5":{"loc":{"start":{"line":148,"column":16},"end":{"line":166,"column":17}},"type":"if","locations":[{"start":{"line":148,"column":16},"end":{"line":166,"column":17}},{"start":{},"end":{}}],"line":148},"6":{"loc":{"start":{"line":295,"column":8},"end":{"line":340,"column":9}},"type":"if","locations":[{"start":{"line":295,"column":8},"end":{"line":340,"column":9}},{"start":{"line":331,"column":13},"end":{"line":340,"column":9}}],"line":295},"7":{"loc":{"start":{"line":296,"column":12},"end":{"line":329,"column":17}},"type":"if","locations":[{"start":{"line":296,"column":12},"end":{"line":329,"column":17}},{"start":{"line":304,"column":19},"end":{"line":329,"column":17}}],"line":296},"8":{"loc":{"start":{"line":304,"column":19},"end":{"line":329,"column":17}},"type":"if","locations":[{"start":{"line":304,"column":19},"end":{"line":329,"column":17}},{"start":{},"end":{}}],"line":304},"9":{"loc":{"start":{"line":310,"column":16},"end":{"line":318,"column":3}},"type":"if","locations":[{"start":{"line":310,"column":16},"end":{"line":318,"column":3}},{"start":{"line":316,"column":9},"end":{"line":318,"column":3}}],"line":310},"10":{"loc":{"start":{"line":331,"column":13},"end":{"line":340,"column":9}},"type":"if","locations":[{"start":{"line":331,"column":13},"end":{"line":340,"column":9}},{"start":{},"end":{}}],"line":331},"11":{"loc":{"start":{"line":364,"column":4},"end":{"line":368,"column":5}},"type":"if","locations":[{"start":{"line":364,"column":4},"end":{"line":368,"column":5}},{"start":{},"end":{}}],"line":364},"12":{"loc":{"start":{"line":401,"column":3},"end":{"line":405,"column":4}},"type":"if","locations":[{"start":{"line":401,"column":3},"end":{"line":405,"column":4}},{"start":{},"end":{}}],"line":401},"13":{"loc":{"start":{"line":409,"column":3},"end":{"line":412,"column":4}},"type":"if","locations":[{"start":{"line":409,"column":3},"end":{"line":412,"column":4}},{"start":{},"end":{}}],"line":409},"14":{"loc":{"start":{"line":409,"column":7},"end":{"line":409,"column":55}},"type":"binary-expr","locations":[{"start":{"line":409,"column":7},"end":{"line":409,"column":32}},{"start":{"line":409,"column":36},"end":{"line":409,"column":55}}],"line":409}},"s":{"0":1,"1":1,"2":1,"3":1,"4":1,"5":0,"6":0,"7":0,"8":0,"9":0,"10":0,"11":0,"12":0,"13":0,"14":0,"15":0,"16":0,"17":0,"18":0,"19":0,"20":0,"21":0,"22":0,"23":0,"24":0,"25":0,"26":0,"27":0,"28":0,"29":0,"30":0,"31":0,"32":0,"33":0,"34":0,"35":0,"36":0,"37":0,"38":0,"39":0,"40":0,"41":0,"42":0,"43":0,"44":0,"45":0,"46":0,"47":0,"48":0,"49":0,"50":0,"51":0,"52":0,"53":0,"54":0,"55":0,"56":0,"57":0,"58":0,"59":0,"60":0,"61":0,"62":0,"63":0,"64":0,"65":0,"66":0,"67":0,"68":0,"69":0,"70":0,"71":0,"72":0,"73":0,"74":0,"75":0,"76":0,"77":0,"78":0,"79":0,"80":0,"81":0,"82":0,"83":0,"84":0,"85":0,"86":0,"87":0,"88":0,"89":0,"90":0,"91":0,"92":0,"93":0,"94":0,"95":0,"96":0,"97":0,"98":0,"99":0,"100":0,"101":0,"102":0,"103":0,"104":0,"105":0,"106":0,"107":0,"108":0,"109":0,"110":0,"111":0,"112":0,"113":0,"114":0,"115":0,"116":0,"117":0,"118":0,"119":0,"120":0,"121":0,"122":0,"123":0,"124":0,"125":0,"126":0,"127":0,"128":0,"129":0,"130":0,"131":0,"132":0,"133":0,"134":0,"135":0,"136":0,"137":0,"138":0,"139":0,"140":0,"141":0,"142":0,"143":0,"144":0,"145":0,"146":0,"147":0,"148":0,"149":0,"150":0,"151":0,"152":0,"153":0,"154":0,"155":0,"156":0,"157":0,"158":0,"159":0,"160":0,"161":0,"162":0,"163":0,"164":0,"165":0,"166":0,"167":0,"168":0,"169":0,"170":0,"171":0,"172":0,"173":0,"174":0,"175":0,"176":0,"177":0,"178":0,"179":0,"180":0,"181":0,"182":0,"183":0,"184":0,"185":0,"186":5,"187":5,"188":1,"189":1,"190":1,"191":5,"192":1,"193":3,"194":3,"195":3,"196":3,"197":3,"198":1,"199":1,"200":1,"201":2,"202":2,"203":2,"204":1,"205":1,"206":2,"207":1},"f":{"0":0,"1":0,"2":0,"3":0,"4":0,"5":0,"6":0,"7":0,"8":0,"9":0,"10":0,"11":5,"12":3},"b":{"0":[0,0],"1":[0,0],"2":[0,0],"3":[0,0],"4":[0,0],"5":[0,0],"6":[0,0],"7":[0,0],"8":[0,0],"9":[0,0],"10":[0,0],"11":[1,4],"12":[1,2],"13":[1,1],"14":[2,2]},"_coverageSchema":"1a1c01bbd47fc00a2c39e90264f33305004495a9","hash":"8c4907be9e25d332b8e8f853abdf3e031e3e09eb"}
}
