TN:
SF:generate_metadata_sheet_fastq.js
FN:7,execute_command_as_subprocess
FN:16,(anonymous_1)
FN:28,(anonymous_2)
FN:43,hasDuplicates
FN:47,create_metadata_table_fastq
FN:60,(anonymous_5)
FN:70,(anonymous_6)
FN:108,(anonymous_7)
FN:119,(anonymous_8)
FN:142,getCities
FN:260,generate_table_fastq
FN:362,allNumeric
FN:394,validateData
FNF:13
FNH:2
FNDA:0,execute_command_as_subprocess
FNDA:0,(anonymous_1)
FNDA:0,(anonymous_2)
FNDA:0,hasDuplicates
FNDA:0,create_metadata_table_fastq
FNDA:0,(anonymous_5)
FNDA:0,(anonymous_6)
FNDA:0,(anonymous_7)
FNDA:0,(anonymous_8)
FNDA:0,getCities
FNDA:0,generate_table_fastq
FNDA:5,allNumeric
FNDA:3,validateData
DA:1,1
DA:2,1
DA:3,1
DA:4,1
DA:5,1
DA:9,0
DA:11,0
DA:12,0
DA:13,0
DA:14,0
DA:15,0
DA:16,0
DA:17,0
DA:19,0
DA:20,0
DA:21,0
DA:23,0
DA:24,0
DA:26,0
DA:28,0
DA:30,0
DA:31,0
DA:32,0
DA:33,0
DA:34,0
DA:36,0
DA:44,0
DA:48,0
DA:49,0
DA:50,0
DA:52,0
DA:54,0
DA:55,0
DA:56,0
DA:57,0
DA:58,0
DA:59,0
DA:60,0
DA:61,0
DA:63,0
DA:65,0
DA:66,0
DA:68,0
DA:69,0
DA:70,0
DA:71,0
DA:72,0
DA:73,0
DA:75,0
DA:76,0
DA:77,0
DA:79,0
DA:80,0
DA:81,0
DA:82,0
DA:83,0
DA:85,0
DA:88,0
DA:89,0
DA:90,0
DA:91,0
DA:95,0
DA:96,0
DA:97,0
DA:99,0
DA:100,0
DA:101,0
DA:104,0
DA:106,0
DA:108,0
DA:109,0
DA:110,0
DA:111,0
DA:113,0
DA:114,0
DA:115,0
DA:116,0
DA:117,0
DA:118,0
DA:119,0
DA:120,0
DA:122,0
DA:123,0
DA:124,0
DA:126,0
DA:127,0
DA:129,0
DA:135,0
DA:136,0
DA:137,0
DA:138,0
DA:143,0
DA:144,0
DA:146,0
DA:147,0
DA:148,0
DA:149,0
DA:150,0
DA:151,0
DA:152,0
DA:154,0
DA:155,0
DA:156,0
DA:157,0
DA:158,0
DA:159,0
DA:160,0
DA:161,0
DA:162,0
DA:163,0
DA:165,0
DA:262,0
DA:265,0
DA:266,0
DA:267,0
DA:269,0
DA:270,0
DA:271,0
DA:273,0
DA:274,0
DA:275,0
DA:277,0
DA:278,0
DA:279,0
DA:280,0
DA:283,0
DA:285,0
DA:286,0
DA:287,0
DA:288,0
DA:290,0
DA:291,0
DA:292,0
DA:293,0
DA:294,0
DA:295,0
DA:296,0
DA:297,0
DA:298,0
DA:299,0
DA:300,0
DA:301,0
DA:302,0
DA:303,0
DA:304,0
DA:305,0
DA:306,0
DA:307,0
DA:308,0
DA:309,0
DA:310,0
DA:311,0
DA:312,0
DA:313,0
DA:314,0
DA:315,0
DA:317,0
DA:319,0
DA:320,0
DA:321,0
DA:322,0
DA:323,0
DA:325,0
DA:326,0
DA:327,0
DA:328,0
DA:331,0
DA:332,0
DA:333,0
DA:334,0
DA:335,0
DA:336,0
DA:337,0
DA:338,0
DA:339,0
DA:341,0
DA:344,0
DA:346,0
DA:363,5
DA:364,5
DA:365,1
DA:366,1
DA:367,1
DA:369,5
DA:372,1
DA:395,3
DA:398,3
DA:399,3
DA:400,3
DA:401,3
DA:402,1
DA:403,1
DA:404,1
DA:406,2
DA:407,2
DA:409,2
DA:410,1
DA:411,1
DA:413,2
DA:416,1
LF:200
LH:27
BRDA:30,0,0,0
BRDA:30,0,1,0
BRDA:82,1,0,0
BRDA:82,1,1,0
BRDA:99,2,0,0
BRDA:99,2,1,0
BRDA:104,3,0,0
BRDA:104,3,1,0
BRDA:109,4,0,0
BRDA:109,4,1,0
BRDA:148,5,0,0
BRDA:148,5,1,0
BRDA:295,6,0,0
BRDA:295,6,1,0
BRDA:296,7,0,0
BRDA:296,7,1,0
BRDA:304,8,0,0
BRDA:304,8,1,0
BRDA:310,9,0,0
BRDA:310,9,1,0
BRDA:331,10,0,0
BRDA:331,10,1,0
BRDA:364,11,0,1
BRDA:364,11,1,4
BRDA:401,12,0,1
BRDA:401,12,1,2
BRDA:409,13,0,1
BRDA:409,13,1,1
BRDA:409,14,0,2
BRDA:409,14,1,2
BRF:30
BRH:8
end_of_record
