TN:
SF:generate_metadata_sheet_fastq.js
FN:7,execute_command_as_subprocess
FN:16,(anonymous_1)
FN:28,(anonymous_2)
FN:43,hasDuplicates
FN:47,create_metadata_table_fastq
FN:62,(anonymous_5)
FN:102,(anonymous_6)
FN:113,(anonymous_7)
FN:136,create_csv_from_obj
FN:142,generate_table_fastq
FN:227,allLetters
FN:239,allNumeric
FN:252,convertToJson
FN:271,validateData
FN:295,readTextFile
FN:299,(anonymous_15)
FNF:16
FNH:4
FNDA:0,execute_command_as_subprocess
FNDA:0,(anonymous_1)
FNDA:0,(anonymous_2)
FNDA:0,hasDuplicates
FNDA:0,create_metadata_table_fastq
FNDA:0,(anonymous_5)
FNDA:0,(anonymous_6)
FNDA:0,(anonymous_7)
FNDA:0,create_csv_from_obj
FNDA:0,generate_table_fastq
FNDA:9,allLetters
FNDA:5,allNumeric
FNDA:1,convertToJson
FNDA:3,validateData
FNDA:0,readTextFile
FNDA:0,(anonymous_15)
DA:1,1
DA:2,1
DA:3,1
DA:4,1
DA:5,1
DA:9,0
DA:11,0
DA:12,0
DA:13,0
DA:14,0
DA:15,0
DA:16,0
DA:17,0
DA:19,0
DA:20,0
DA:21,0
DA:23,0
DA:24,0
DA:26,0
DA:28,0
DA:30,0
DA:31,0
DA:32,0
DA:33,0
DA:34,0
DA:36,0
DA:44,0
DA:49,0
DA:50,0
DA:51,0
DA:53,0
DA:55,0
DA:57,0
DA:58,0
DA:60,0
DA:61,0
DA:62,0
DA:63,0
DA:64,0
DA:65,0
DA:67,0
DA:68,0
DA:69,0
DA:71,0
DA:72,0
DA:74,0
DA:75,0
DA:76,0
DA:77,0
DA:78,0
DA:79,0
DA:80,0
DA:83,0
DA:86,0
DA:89,0
DA:90,0
DA:91,0
DA:92,0
DA:93,0
DA:94,0
DA:95,0
DA:98,0
DA:100,0
DA:102,0
DA:103,0
DA:104,0
DA:105,0
DA:107,0
DA:108,0
DA:109,0
DA:110,0
DA:111,0
DA:112,0
DA:113,0
DA:114,0
DA:116,0
DA:117,0
DA:118,0
DA:120,0
DA:121,0
DA:123,0
DA:129,0
DA:130,0
DA:131,0
DA:132,0
DA:144,0
DA:147,0
DA:148,0
DA:149,0
DA:151,0
DA:152,0
DA:153,0
DA:155,0
DA:156,0
DA:157,0
DA:159,0
DA:160,0
DA:161,0
DA:162,0
DA:165,0
DA:167,0
DA:168,0
DA:169,0
DA:170,0
DA:172,0
DA:173,0
DA:174,0
DA:175,0
DA:176,0
DA:177,0
DA:178,0
DA:179,0
DA:180,0
DA:181,0
DA:182,0
DA:183,0
DA:184,0
DA:185,0
DA:186,0
DA:187,0
DA:188,0
DA:189,0
DA:190,0
DA:191,0
DA:192,0
DA:193,0
DA:194,0
DA:195,0
DA:196,0
DA:198,0
DA:199,0
DA:200,0
DA:201,0
DA:204,0
DA:205,0
DA:206,0
DA:207,0
DA:208,0
DA:209,0
DA:210,0
DA:211,0
DA:212,0
DA:214,0
DA:218,0
DA:223,0
DA:228,9
DA:229,9
DA:230,1
DA:231,1
DA:232,1
DA:234,9
DA:236,1
DA:240,5
DA:241,5
DA:242,1
DA:243,1
DA:244,1
DA:246,5
DA:249,1
DA:253,1
DA:254,1
DA:255,1
DA:256,1
DA:257,1
DA:258,1
DA:259,1
DA:260,2
DA:262,1
DA:264,1
DA:265,1
DA:268,1
DA:272,3
DA:273,3
DA:274,3
DA:275,3
DA:276,3
DA:277,3
DA:278,3
DA:279,1
DA:280,1
DA:281,1
DA:283,2
DA:284,2
DA:286,2
DA:287,1
DA:288,1
DA:290,2
DA:293,1
DA:296,0
DA:297,0
DA:298,0
DA:299,0
DA:300,0
DA:301,0
DA:304,0
LF:195
LH:48
BRDA:30,0,0,0
BRDA:30,0,1,0
BRDA:79,1,0,0
BRDA:79,1,1,0
BRDA:93,2,0,0
BRDA:93,2,1,0
BRDA:98,3,0,0
BRDA:98,3,1,0
BRDA:103,4,0,0
BRDA:103,4,1,0
BRDA:177,5,0,0
BRDA:177,5,1,0
BRDA:178,6,0,0
BRDA:178,6,1,0
BRDA:186,7,0,0
BRDA:186,7,1,0
BRDA:204,8,0,0
BRDA:204,8,1,0
BRDA:229,9,0,1
BRDA:229,9,1,8
BRDA:241,10,0,1
BRDA:241,10,1,4
BRDA:278,11,0,1
BRDA:278,11,1,2
BRDA:286,12,0,1
BRDA:286,12,1,1
BRDA:286,13,0,2
BRDA:286,13,1,2
BRDA:300,14,0,0
BRDA:300,14,1,0
BRDA:300,15,0,0
BRDA:300,15,1,0
BRF:32
BRH:10
end_of_record
